<?xml version="1.0" encoding="UTF-8"?>
<testsuite name="AbstractWorldMapTest" tests="1" skipped="0" failures="0" errors="0" timestamp="2021-12-28T20:37:15" hostname="loloxon" time="0.013">
  <properties/>
  <testcase name="jungleAreaTest()" classname="AbstractWorldMapTest" time="0.013"/>
  <system-out><![CDATA[]]></system-out>
  <system-err><![CDATA[]]></system-err>
</testsuite>
